<?xml version="1.0" encoding="UTF-8"?>
<!-- Generated by org.testng.reporters.JUnitXMLReporter -->
<testsuite ignored="2" hostname="DESKTOP-MOSN0SC" failures="0" tests="1" name="Command line test" time="0.082" errors="0" timestamp="2022-05-21T16:12:12 PDT">
  <testcase classname="tests.TestBase" name="@BeforeSuite setUpDriver" time="-1.653174732222E9">
    <failure type="org.testng.TestNGException" message="
Parameter &amp;apos;browser&amp;apos; is required by BeforeSuite on method setUpDriver but has not been marked @Optional or defined
">
      <![CDATA[org.testng.TestNGException: 
Parameter 'browser' is required by BeforeSuite on method setUpDriver but has not been marked @Optional or defined

... Removed 26 stack frames]]>
    </failure>
  </testcase> <!-- @BeforeSuite setUpDriver -->
  <testcase classname="tests.RegistrationTest" name="userRegistrationTest" time="0.0">
    <skipped/>
  </testcase> <!-- userRegistrationTest -->
  <testcase classname="tests.TestBase" name="@AfterSuite StopDriver" time="0.0">
    <ignored/>
  </testcase> <!-- @AfterSuite StopDriver -->
  <testcase classname="tests.TestBase" name="@BeforeSuite setUpDriver" time="0.0">
    <ignored/>
  </testcase> <!-- @BeforeSuite setUpDriver -->
</testsuite> <!-- Command line test -->
